This file contains any messages produced by compilers while
running configure, to aid debugging if configure makes a mistake.

It was created by pcsfs configure 0.1, which was
generated by GNU Autoconf 2.69.  Invocation command line was

  $ ./configure --no-create --no-recursion

## --------- ##
## Platform. ##
## --------- ##

hostname = qt-chuanyuliu
uname -m = x86_64
uname -r = 3.8.0-28-generic
uname -s = Linux
uname -v = #41-Ubuntu SMP Fri Jul 26 16:26:01 UTC 2013

/usr/bin/uname -p = unknown
/bin/uname -X     = unknown

/bin/arch              = unknown
/usr/bin/arch -k       = unknown
/usr/convex/getsysinfo = unknown
/usr/bin/hostinfo      = unknown
/bin/machine           = unknown
/usr/bin/oslevel       = unknown
/bin/universe          = unknown

PATH: /opt/android-sdk-linux/platform-tools
PATH: /opt/android-sdk-linux/build-tools/17.0.0/
PATH: /opt/android-ndk-r8b
PATH: /home/liuchuanyu/bin
PATH: /opt/apache-maven-3.0.4/bin
PATH: /opt/jdk/bin
PATH: /opt/android-sdk-linux/platform-tools
PATH: /opt/android-sdk-linux/build-tools/17.0.0/
PATH: /opt/android-ndk-r8b
PATH: /home/liuchuanyu/bin
PATH: /opt/apache-maven-3.0.4/bin
PATH: /opt/jdk/bin
PATH: /home/liuchuanyu/bin
PATH: /usr/lib/lightdm/lightdm
PATH: /usr/local/sbin
PATH: /usr/local/bin
PATH: /usr/sbin
PATH: /usr/bin
PATH: /sbin
PATH: /bin
PATH: /usr/games
PATH: /usr/local/games
PATH: /opt/jdk/bin
PATH: /usr/lib/lightdm/lightdm
PATH: /usr/local/sbin
PATH: /usr/local/bin
PATH: /usr/sbin
PATH: /usr/bin
PATH: /sbin
PATH: /bin
PATH: /usr/games
PATH: /usr/local/games
PATH: /opt/jdk/bin
PATH: /opt/apache-maven-3.0.4/bin
PATH: /opt/jdk/bin
PATH: /opt/android-sdk-linux/platform-tools
PATH: /opt/android-sdk-linux/build-tools/17.0.0/
PATH: /opt/android-ndk-r8b
PATH: /home/liuchuanyu/bin
PATH: /opt/apache-maven-3.0.4/bin
PATH: /opt/jdk/bin
PATH: /home/liuchuanyu/bin
PATH: /usr/lib/lightdm/lightdm
PATH: /usr/local/sbin
PATH: /usr/local/bin
PATH: /usr/sbin
PATH: /usr/bin
PATH: /sbin
PATH: /bin
PATH: /usr/games
PATH: /usr/local/games
PATH: /opt/jdk/bin
PATH: /usr/lib/lightdm/lightdm
PATH: /usr/local/sbin
PATH: /usr/local/bin
PATH: /usr/sbin
PATH: /usr/bin
PATH: /sbin
PATH: /bin
PATH: /usr/games
PATH: /usr/local/games


## ----------- ##
## Core tests. ##
## ----------- ##

configure:2263: checking for a BSD-compatible install
configure:2331: result: /usr/bin/install -c
configure:2342: checking whether build environment is sane
configure:2392: result: yes
configure:2533: checking for a thread-safe mkdir -p
configure:2572: result: /bin/mkdir -p
configure:2585: checking for gawk
configure:2601: found /usr/bin/gawk
configure:2612: result: gawk
configure:2623: checking whether make sets $(MAKE)
configure:2645: result: yes
configure:2774: checking for gcc
configure:2790: found /usr/bin/gcc
configure:2801: result: gcc
configure:3030: checking for C compiler version
configure:3039: gcc --version >&5
gcc (Ubuntu/Linaro 4.7.3-1ubuntu1) 4.7.3
Copyright (C) 2012 Free Software Foundation, Inc.
This is free software; see the source for copying conditions.  There is NO
warranty; not even for MERCHANTABILITY or FITNESS FOR A PARTICULAR PURPOSE.

configure:3050: $? = 0
configure:3039: gcc -v >&5
Using built-in specs.
COLLECT_GCC=gcc
COLLECT_LTO_WRAPPER=/usr/lib/gcc/x86_64-linux-gnu/4.7/lto-wrapper
Target: x86_64-linux-gnu
Configured with: ../src/configure -v --with-pkgversion='Ubuntu/Linaro 4.7.3-1ubuntu1' --with-bugurl=file:///usr/share/doc/gcc-4.7/README.Bugs --enable-languages=c,c++,go,fortran,objc,obj-c++ --prefix=/usr --program-suffix=-4.7 --enable-shared --enable-linker-build-id --libexecdir=/usr/lib --without-included-gettext --enable-threads=posix --with-gxx-include-dir=/usr/include/c++/4.7 --libdir=/usr/lib --enable-nls --with-sysroot=/ --enable-clocale=gnu --enable-libstdcxx-debug --enable-libstdcxx-time=yes --enable-gnu-unique-object --enable-plugin --with-system-zlib --enable-objc-gc --with-cloog --enable-cloog-backend=ppl --disable-cloog-version-check --disable-ppl-version-check --enable-multiarch --disable-werror --with-arch-32=i686 --with-abi=m64 --with-multilib-list=m32,m64,mx32 --with-tune=generic --enable-checking=release --build=x86_64-linux-gnu --host=x86_64-linux-gnu --target=x86_64-linux-gnu
Thread model: posix
gcc version 4.7.3 (Ubuntu/Linaro 4.7.3-1ubuntu1) 
configure:3050: $? = 0
configure:3039: gcc -V >&5
gcc: error: unrecognized command line option '-V'
gcc: fatal error: no input files
compilation terminated.
configure:3050: $? = 4
configure:3039: gcc -qversion >&5
gcc: error: unrecognized command line option '-qversion'
gcc: fatal error: no input files
compilation terminated.
configure:3050: $? = 4
configure:3070: checking whether the C compiler works
configure:3092: gcc    conftest.c  >&5
configure:3096: $? = 0
configure:3144: result: yes
configure:3147: checking for C compiler default output file name
configure:3149: result: a.out
configure:3155: checking for suffix of executables
configure:3162: gcc -o conftest    conftest.c  >&5
configure:3166: $? = 0
configure:3188: result: 
configure:3210: checking whether we are cross compiling
configure:3218: gcc -o conftest    conftest.c  >&5
configure:3222: $? = 0
configure:3229: ./conftest
configure:3233: $? = 0
configure:3248: result: no
configure:3253: checking for suffix of object files
configure:3275: gcc -c   conftest.c >&5
configure:3279: $? = 0
configure:3300: result: o
configure:3304: checking whether we are using the GNU C compiler
configure:3323: gcc -c   conftest.c >&5
configure:3323: $? = 0
configure:3332: result: yes
configure:3341: checking whether gcc accepts -g
configure:3361: gcc -c -g  conftest.c >&5
configure:3361: $? = 0
configure:3402: result: yes
configure:3419: checking for gcc option to accept ISO C89
configure:3482: gcc  -c -g -O2  conftest.c >&5
configure:3482: $? = 0
configure:3495: result: none needed
configure:3526: checking for style of include used by make
configure:3554: result: GNU
configure:3580: checking dependency style of gcc
configure:3691: result: gcc3
configure:3716: checking how to run the C preprocessor
configure:3747: gcc -E  conftest.c
configure:3747: $? = 0
configure:3761: gcc -E  conftest.c
conftest.c:11:28: fatal error: ac_nonexistent.h: No such file or directory
compilation terminated.
configure:3761: $? = 1
configure: failed program was:
| /* confdefs.h */
| #define PACKAGE_NAME "pcsfs"
| #define PACKAGE_TARNAME "pcsfs"
| #define PACKAGE_VERSION "0.1"
| #define PACKAGE_STRING "pcsfs 0.1"
| #define PACKAGE_BUGREPORT "madoldman@madoldman.org"
| #define PACKAGE_URL ""
| #define PACKAGE "@PACKAGE_NAME@"
| #define VERSION "@PACKAGE_VERSION@"
| /* end confdefs.h.  */
| #include <ac_nonexistent.h>
configure:3786: result: gcc -E
configure:3806: gcc -E  conftest.c
configure:3806: $? = 0
configure:3820: gcc -E  conftest.c
conftest.c:11:28: fatal error: ac_nonexistent.h: No such file or directory
compilation terminated.
configure:3820: $? = 1
configure: failed program was:
| /* confdefs.h */
| #define PACKAGE_NAME "pcsfs"
| #define PACKAGE_TARNAME "pcsfs"
| #define PACKAGE_VERSION "0.1"
| #define PACKAGE_STRING "pcsfs 0.1"
| #define PACKAGE_BUGREPORT "madoldman@madoldman.org"
| #define PACKAGE_URL ""
| #define PACKAGE "@PACKAGE_NAME@"
| #define VERSION "@PACKAGE_VERSION@"
| /* end confdefs.h.  */
| #include <ac_nonexistent.h>
configure:3849: checking for grep that handles long lines and -e
configure:3907: result: /bin/grep
configure:3912: checking for egrep
configure:3974: result: /bin/grep -E
configure:3979: checking for ANSI C header files
configure:3999: gcc -c -g -O2  conftest.c >&5
configure:3999: $? = 0
configure:4072: gcc -o conftest -g -O2   conftest.c  >&5
configure:4072: $? = 0
configure:4072: ./conftest
configure:4072: $? = 0
configure:4083: result: yes
configure:4096: checking for sys/types.h
configure:4096: gcc -c -g -O2  conftest.c >&5
configure:4096: $? = 0
configure:4096: result: yes
configure:4096: checking for sys/stat.h
configure:4096: gcc -c -g -O2  conftest.c >&5
configure:4096: $? = 0
configure:4096: result: yes
configure:4096: checking for stdlib.h
configure:4096: gcc -c -g -O2  conftest.c >&5
configure:4096: $? = 0
configure:4096: result: yes
configure:4096: checking for string.h
configure:4096: gcc -c -g -O2  conftest.c >&5
configure:4096: $? = 0
configure:4096: result: yes
configure:4096: checking for memory.h
configure:4096: gcc -c -g -O2  conftest.c >&5
configure:4096: $? = 0
configure:4096: result: yes
configure:4096: checking for strings.h
configure:4096: gcc -c -g -O2  conftest.c >&5
configure:4096: $? = 0
configure:4096: result: yes
configure:4096: checking for inttypes.h
configure:4096: gcc -c -g -O2  conftest.c >&5
configure:4096: $? = 0
configure:4096: result: yes
configure:4096: checking for stdint.h
configure:4096: gcc -c -g -O2  conftest.c >&5
configure:4096: $? = 0
configure:4096: result: yes
configure:4096: checking for unistd.h
configure:4096: gcc -c -g -O2  conftest.c >&5
configure:4096: $? = 0
configure:4096: result: yes
configure:4111: checking for stdlib.h
configure:4111: result: yes
configure:4111: checking for string.h
configure:4111: result: yes
configure:4111: checking for unistd.h
configure:4111: result: yes
configure:4123: checking for size_t
configure:4123: gcc -c -g -O2  conftest.c >&5
configure:4123: $? = 0
configure:4123: gcc -c -g -O2  conftest.c >&5
conftest.c: In function 'main':
conftest.c:60:21: error: expected expression before ')' token
configure:4123: $? = 1
configure: failed program was:
| /* confdefs.h */
| #define PACKAGE_NAME "pcsfs"
| #define PACKAGE_TARNAME "pcsfs"
| #define PACKAGE_VERSION "0.1"
| #define PACKAGE_STRING "pcsfs 0.1"
| #define PACKAGE_BUGREPORT "madoldman@madoldman.org"
| #define PACKAGE_URL ""
| #define PACKAGE "@PACKAGE_NAME@"
| #define VERSION "@PACKAGE_VERSION@"
| #define STDC_HEADERS 1
| #define HAVE_SYS_TYPES_H 1
| #define HAVE_SYS_STAT_H 1
| #define HAVE_STDLIB_H 1
| #define HAVE_STRING_H 1
| #define HAVE_MEMORY_H 1
| #define HAVE_STRINGS_H 1
| #define HAVE_INTTYPES_H 1
| #define HAVE_STDINT_H 1
| #define HAVE_UNISTD_H 1
| #define HAVE_STDLIB_H 1
| #define HAVE_STRING_H 1
| #define HAVE_UNISTD_H 1
| /* end confdefs.h.  */
| #include <stdio.h>
| #ifdef HAVE_SYS_TYPES_H
| # include <sys/types.h>
| #endif
| #ifdef HAVE_SYS_STAT_H
| # include <sys/stat.h>
| #endif
| #ifdef STDC_HEADERS
| # include <stdlib.h>
| # include <stddef.h>
| #else
| # ifdef HAVE_STDLIB_H
| #  include <stdlib.h>
| # endif
| #endif
| #ifdef HAVE_STRING_H
| # if !defined STDC_HEADERS && defined HAVE_MEMORY_H
| #  include <memory.h>
| # endif
| # include <string.h>
| #endif
| #ifdef HAVE_STRINGS_H
| # include <strings.h>
| #endif
| #ifdef HAVE_INTTYPES_H
| # include <inttypes.h>
| #endif
| #ifdef HAVE_STDINT_H
| # include <stdint.h>
| #endif
| #ifdef HAVE_UNISTD_H
| # include <unistd.h>
| #endif
| int
| main ()
| {
| if (sizeof ((size_t)))
| 	    return 0;
|   ;
|   return 0;
| }
configure:4123: result: yes
configure:4138: checking for stdlib.h
configure:4138: result: yes
configure:4148: checking for GNU libc compatible malloc
configure:4172: gcc -o conftest -g -O2   conftest.c  >&5
configure:4172: $? = 0
configure:4172: ./conftest
configure:4172: $? = 0
configure:4182: result: yes
configure:4205: checking for stdlib.h
configure:4205: result: yes
configure:4215: checking for GNU libc compatible realloc
configure:4239: gcc -o conftest -g -O2   conftest.c  >&5
configure:4239: $? = 0
configure:4239: ./conftest
configure:4239: $? = 0
configure:4249: result: yes
configure:4309: checking for gawk
configure:4336: result: gawk
configure:4398: checking for curl-config
configure:4416: found /usr/bin/curl-config
configure:4428: result: /usr/bin/curl-config
configure:4439: checking for the version of libcurl
configure:4446: result: 7.29.0
configure:4507: checking whether libcurl is usable
configure:4541: gcc -o conftest -g -O2    conftest.c -L/usr/lib/x86_64-linux-gnu -lcurl  >&5
configure:4541: $? = 0
configure:4555: result: yes
configure:4568: checking for curl_free
configure:4568: gcc -o conftest -g -O2    conftest.c  -L/usr/lib/x86_64-linux-gnu -lcurl >&5
configure:4568: $? = 0
configure:4568: result: yes
configure:4708: checking for pkg-config
configure:4726: found /usr/bin/pkg-config
configure:4738: result: /usr/bin/pkg-config
configure:4763: checking pkg-config is at least version 0.9.0
configure:4766: result: yes
configure:4776: checking for JSON
configure:4783: $PKG_CONFIG --exists --print-errors "json"
configure:4786: $? = 0
configure:4800: $PKG_CONFIG --exists --print-errors "json"
configure:4803: $? = 0
configure:4841: result: yes
configure:4979: creating ./config.status

## ---------------- ##
## Cache variables. ##
## ---------------- ##

ac_cv_c_compiler_gnu=yes
ac_cv_env_CC_set=
ac_cv_env_CC_value=
ac_cv_env_CFLAGS_set=
ac_cv_env_CFLAGS_value=
ac_cv_env_CPPFLAGS_set=
ac_cv_env_CPPFLAGS_value=
ac_cv_env_CPP_set=
ac_cv_env_CPP_value=
ac_cv_env_JSON_CFLAGS_set=
ac_cv_env_JSON_CFLAGS_value=
ac_cv_env_JSON_LIBS_set=
ac_cv_env_JSON_LIBS_value=
ac_cv_env_LDFLAGS_set=
ac_cv_env_LDFLAGS_value=
ac_cv_env_LIBS_set=
ac_cv_env_LIBS_value=
ac_cv_env_PKG_CONFIG_LIBDIR_set=
ac_cv_env_PKG_CONFIG_LIBDIR_value=
ac_cv_env_PKG_CONFIG_PATH_set=
ac_cv_env_PKG_CONFIG_PATH_value=
ac_cv_env_PKG_CONFIG_set=
ac_cv_env_PKG_CONFIG_value=
ac_cv_env_build_alias_set=
ac_cv_env_build_alias_value=
ac_cv_env_host_alias_set=
ac_cv_env_host_alias_value=
ac_cv_env_target_alias_set=
ac_cv_env_target_alias_value=
ac_cv_func_curl_free=yes
ac_cv_func_malloc_0_nonnull=yes
ac_cv_func_realloc_0_nonnull=yes
ac_cv_header_inttypes_h=yes
ac_cv_header_memory_h=yes
ac_cv_header_stdc=yes
ac_cv_header_stdint_h=yes
ac_cv_header_stdlib_h=yes
ac_cv_header_string_h=yes
ac_cv_header_strings_h=yes
ac_cv_header_sys_stat_h=yes
ac_cv_header_sys_types_h=yes
ac_cv_header_unistd_h=yes
ac_cv_objext=o
ac_cv_path_EGREP='/bin/grep -E'
ac_cv_path_GREP=/bin/grep
ac_cv_path__libcurl_config=/usr/bin/curl-config
ac_cv_path_ac_pt_PKG_CONFIG=/usr/bin/pkg-config
ac_cv_path_install='/usr/bin/install -c'
ac_cv_path_mkdir=/bin/mkdir
ac_cv_prog_AWK=gawk
ac_cv_prog_CPP='gcc -E'
ac_cv_prog_ac_ct_CC=gcc
ac_cv_prog_cc_c89=
ac_cv_prog_cc_g=yes
ac_cv_prog_make_make_set=yes
ac_cv_type_size_t=yes
am_cv_CC_dependencies_compiler_type=gcc3
libcurl_cv_lib_curl_usable=yes
libcurl_cv_lib_curl_version=7.29.0
pkg_cv_JSON_CFLAGS='-I/usr/include/json  '
pkg_cv_JSON_LIBS='-ljson  '

## ----------------- ##
## Output variables. ##
## ----------------- ##

ACLOCAL='${SHELL} /home/liuchuanyu/workspace/pcsfs/admin/missing --run aclocal-1.11'
AMDEPBACKSLASH='\'
AMDEP_FALSE='#'
AMDEP_TRUE=''
AMTAR='$${TAR-tar}'
AUTOCONF='${SHELL} /home/liuchuanyu/workspace/pcsfs/admin/missing --run autoconf'
AUTOHEADER='${SHELL} /home/liuchuanyu/workspace/pcsfs/admin/missing --run autoheader'
AUTOMAKE='${SHELL} /home/liuchuanyu/workspace/pcsfs/admin/missing --run automake-1.11'
AWK='gawk'
CC='gcc'
CCDEPMODE='depmode=gcc3'
CFLAGS='-g -O2 -I/usr/include/json  '
CPP='gcc -E'
CPPFLAGS=''
CYGPATH_W='echo'
DEFS='-DHAVE_CONFIG_H'
DEPDIR='.deps'
ECHO_C=''
ECHO_N='-n'
ECHO_T=''
EGREP='/bin/grep -E'
EXEEXT=''
GREP='/bin/grep'
INSTALL_DATA='${INSTALL} -m 644'
INSTALL_PROGRAM='${INSTALL}'
INSTALL_SCRIPT='${INSTALL}'
INSTALL_STRIP_PROGRAM='$(install_sh) -c -s'
JSON_CFLAGS='-I/usr/include/json  '
JSON_LIBS='-ljson  '
LDFLAGS=''
LIBCURL='-L/usr/lib/x86_64-linux-gnu -lcurl'
LIBCURL_CPPFLAGS=''
LIBOBJS=''
LIBS=' -ljson  '
LTLIBOBJS=''
MAKEINFO='${SHELL} /home/liuchuanyu/workspace/pcsfs/admin/missing --run makeinfo'
MKDIR_P='/bin/mkdir -p'
OBJEXT='o'
PACKAGE='@PACKAGE_NAME@'
PACKAGE_BUGREPORT='madoldman@madoldman.org'
PACKAGE_NAME='pcsfs'
PACKAGE_STRING='pcsfs 0.1'
PACKAGE_TARNAME='pcsfs'
PACKAGE_URL=''
PACKAGE_VERSION='0.1'
PATH_SEPARATOR=':'
PKG_CONFIG='/usr/bin/pkg-config'
PKG_CONFIG_LIBDIR=''
PKG_CONFIG_PATH=''
SET_MAKE=''
SHELL='/bin/sh'
STRIP=''
VERSION='@PACKAGE_VERSION@'
_libcurl_config=''
ac_ct_CC='gcc'
am__EXEEXT_FALSE=''
am__EXEEXT_TRUE='#'
am__fastdepCC_FALSE='#'
am__fastdepCC_TRUE=''
am__include='include'
am__isrc=''
am__leading_dot='.'
am__nodep='_no'
am__quote=''
am__tar='$${TAR-tar} chof - "$$tardir"'
am__untar='$${TAR-tar} xf -'
bindir='${exec_prefix}/bin'
build_alias=''
datadir='${datarootdir}'
datarootdir='${prefix}/share'
docdir='${datarootdir}/doc/${PACKAGE_TARNAME}'
dvidir='${docdir}'
exec_prefix='${prefix}'
host_alias=''
htmldir='${docdir}'
includedir='${prefix}/include'
infodir='${datarootdir}/info'
install_sh='${SHELL} /home/liuchuanyu/workspace/pcsfs/admin/install-sh'
libdir='${exec_prefix}/lib'
libexecdir='${exec_prefix}/libexec'
localedir='${datarootdir}/locale'
localstatedir='${prefix}/var'
mandir='${datarootdir}/man'
mkdir_p='/bin/mkdir -p'
oldincludedir='/usr/include'
pdfdir='${docdir}'
prefix='/usr/local'
program_transform_name='s,x,x,'
psdir='${docdir}'
sbindir='${exec_prefix}/sbin'
sharedstatedir='${prefix}/com'
sysconfdir='${prefix}/etc'
target_alias=''

## ----------- ##
## confdefs.h. ##
## ----------- ##

/* confdefs.h */
#define PACKAGE_NAME "pcsfs"
#define PACKAGE_TARNAME "pcsfs"
#define PACKAGE_VERSION "0.1"
#define PACKAGE_STRING "pcsfs 0.1"
#define PACKAGE_BUGREPORT "madoldman@madoldman.org"
#define PACKAGE_URL ""
#define PACKAGE "@PACKAGE_NAME@"
#define VERSION "@PACKAGE_VERSION@"
#define STDC_HEADERS 1
#define HAVE_SYS_TYPES_H 1
#define HAVE_SYS_STAT_H 1
#define HAVE_STDLIB_H 1
#define HAVE_STRING_H 1
#define HAVE_MEMORY_H 1
#define HAVE_STRINGS_H 1
#define HAVE_INTTYPES_H 1
#define HAVE_STDINT_H 1
#define HAVE_UNISTD_H 1
#define HAVE_STDLIB_H 1
#define HAVE_STRING_H 1
#define HAVE_UNISTD_H 1
#define HAVE_STDLIB_H 1
#define HAVE_MALLOC 1
#define HAVE_STDLIB_H 1
#define HAVE_REALLOC 1
#define HAVE_LIBCURL 1
#define LIBCURL_FEATURE_SSL 1
#define LIBCURL_FEATURE_IPV6 1
#define LIBCURL_FEATURE_LIBZ 1
#define LIBCURL_FEATURE_IDN 1
#define LIBCURL_FEATURE_NTLM 1
#define LIBCURL_FEATURE_NTLM_WB 1
#define LIBCURL_FEATURE_TLS_SRP 1
#define LIBCURL_PROTOCOL_DICT 1
#define LIBCURL_PROTOCOL_FILE 1
#define LIBCURL_PROTOCOL_FTP 1
#define LIBCURL_PROTOCOL_FTPS 1
#define LIBCURL_PROTOCOL_GOPHER 1
#define LIBCURL_PROTOCOL_HTTP 1
#define LIBCURL_PROTOCOL_HTTPS 1
#define LIBCURL_PROTOCOL_IMAP 1
#define LIBCURL_PROTOCOL_IMAPS 1
#define LIBCURL_PROTOCOL_LDAP 1
#define LIBCURL_PROTOCOL_LDAPS 1
#define LIBCURL_PROTOCOL_POP3 1
#define LIBCURL_PROTOCOL_POP3S 1
#define LIBCURL_PROTOCOL_RTMP 1
#define LIBCURL_PROTOCOL_RTSP 1
#define LIBCURL_PROTOCOL_SMTP 1
#define LIBCURL_PROTOCOL_SMTPS 1
#define LIBCURL_PROTOCOL_TELNET 1
#define LIBCURL_PROTOCOL_TFTP 1

configure: exit 0

## ---------------------- ##
## Running config.status. ##
## ---------------------- ##

This file was extended by pcsfs config.status 0.1, which was
generated by GNU Autoconf 2.69.  Invocation command line was

  CONFIG_FILES    = 
  CONFIG_HEADERS  = 
  CONFIG_LINKS    = 
  CONFIG_COMMANDS = 
  $ ./config.status 

on qt-chuanyuliu

config.status:891: creating Makefile
config.status:891: creating src/Makefile
config.status:891: creating config.h
config.status:1072: config.h is unchanged
config.status:1120: executing depfiles commands

## ---------------------- ##
## Running config.status. ##
## ---------------------- ##

This file was extended by pcsfs config.status 0.1, which was
generated by GNU Autoconf 2.69.  Invocation command line was

  CONFIG_FILES    = 
  CONFIG_HEADERS  = 
  CONFIG_LINKS    = 
  CONFIG_COMMANDS = 
  $ ./config.status config.h

on qt-chuanyuliu

config.status:891: creating config.h
config.status:1072: config.h is unchanged
